Connecting to database specified by database.yml
Compiled jquery.js  (3ms)  (pid 7163)
Compiled jquery_ujs.js  (0ms)  (pid 7163)
Compiled jquery-ui.js  (8ms)  (pid 7163)
Compiled bootstrap-transition.js  (0ms)  (pid 7163)
Compiled bootstrap-affix.js  (0ms)  (pid 7163)
Compiled bootstrap-alert.js  (0ms)  (pid 7163)
Compiled bootstrap-button.js  (0ms)  (pid 7163)
Compiled bootstrap-carousel.js  (0ms)  (pid 7163)
Compiled bootstrap-collapse.js  (0ms)  (pid 7163)
Compiled bootstrap-dropdown.js  (0ms)  (pid 7163)
Compiled bootstrap-modal.js  (0ms)  (pid 7163)
Compiled bootstrap-scrollspy.js  (0ms)  (pid 7163)
Compiled bootstrap-tab.js  (0ms)  (pid 7163)
Compiled bootstrap-tooltip.js  (0ms)  (pid 7163)
Compiled bootstrap-popover.js  (0ms)  (pid 7163)
Compiled bootstrap-typeahead.js  (0ms)  (pid 7163)
Compiled bootstrap.js  (153ms)  (pid 7163)
Compiled wice_grid_processor.js  (759ms)  (pid 7163)
Compiled wice_grid_init.js  (195ms)  (pid 7163)
Compiled wice_grid_saved_queries_init.js  (164ms)  (pid 7163)
Compiled wice_grid.js  (1218ms)  (pid 7163)
Compiled finances.js  (112ms)  (pid 7163)
Compiled pages.js  (114ms)  (pid 7163)
Compiled application.js  (1748ms)  (pid 7163)
Compiled finances.css  (63ms)  (pid 7163)
Compiled main.css  (0ms)  (pid 7163)
Compiled pages.css  (0ms)  (pid 7163)
Compiled scaffolds.css  (6ms)  (pid 7163)
Compiled style.css  (1849ms)  (pid 7163)
Compiled wice_grid.css  (17ms)  (pid 7163)
Compiled application.css  (1962ms)  (pid 7163)
Connecting to database specified by database.yml
Compiled jquery.js  (1ms)  (pid 7163)
Compiled jquery_ujs.js  (0ms)  (pid 7163)
Compiled jquery-ui.js  (5ms)  (pid 7163)
Compiled bootstrap-transition.js  (0ms)  (pid 7163)
Compiled bootstrap-affix.js  (0ms)  (pid 7163)
Compiled bootstrap-alert.js  (0ms)  (pid 7163)
Compiled bootstrap-button.js  (0ms)  (pid 7163)
Compiled bootstrap-carousel.js  (0ms)  (pid 7163)
Compiled bootstrap-collapse.js  (0ms)  (pid 7163)
Compiled bootstrap-dropdown.js  (0ms)  (pid 7163)
Compiled bootstrap-modal.js  (0ms)  (pid 7163)
Compiled bootstrap-scrollspy.js  (0ms)  (pid 7163)
Compiled bootstrap-tab.js  (0ms)  (pid 7163)
Compiled bootstrap-tooltip.js  (0ms)  (pid 7163)
Compiled bootstrap-popover.js  (0ms)  (pid 7163)
Compiled bootstrap-typeahead.js  (0ms)  (pid 7163)
Compiled bootstrap.js  (116ms)  (pid 7163)
Compiled wice_grid_processor.js  (171ms)  (pid 7163)
Compiled wice_grid_init.js  (190ms)  (pid 7163)
Compiled wice_grid_saved_queries_init.js  (194ms)  (pid 7163)
Compiled wice_grid.js  (580ms)  (pid 7163)
Compiled finances.js  (111ms)  (pid 7163)
Compiled pages.js  (116ms)  (pid 7163)
Compiled application.js  (985ms)  (pid 7163)
Compiled finances.css  (6ms)  (pid 7163)
Compiled main.css  (0ms)  (pid 7163)
Compiled pages.css  (0ms)  (pid 7163)
Compiled scaffolds.css  (6ms)  (pid 7163)
Compiled style.css  (1713ms)  (pid 7163)
Compiled wice_grid.css  (18ms)  (pid 7163)
Compiled application.css  (1769ms)  (pid 7163)
